{"/data/data/com.termux/files/home/Temporary/girigo/src/components/common/TimeRing.tsx": {"path":"/data/data/com.termux/files/home/Temporary/girigo/src/components/common/TimeRing.tsx","statementMap":{"0":{"start":{"line":12,"column":49},"end":{"line":72,"column":2}},"1":{"start":{"line":14,"column":37},"end":{"line":27,"column":18}},"2":{"start":{"line":15,"column":17},"end":{"line":15,"column":37}},"3":{"start":{"line":16,"column":15},"end":{"line":16,"column":39}},"4":{"start":{"line":18,"column":4},"end":{"line":24,"column":5}},"5":{"start":{"line":19,"column":6},"end":{"line":19,"column":35}},"6":{"start":{"line":20,"column":6},"end":{"line":20,"column":38}},"7":{"start":{"line":21,"column":11},"end":{"line":24,"column":5}},"8":{"start":{"line":22,"column":6},"end":{"line":22,"column":34}},"9":{"start":{"line":23,"column":6},"end":{"line":23,"column":38}},"10":{"start":{"line":26,"column":4},"end":{"line":26,"column":52}},"11":{"start":{"line":29,"column":22},"end":{"line":29,"column":23}},"12":{"start":{"line":30,"column":17},"end":{"line":30,"column":41}},"13":{"start":{"line":31,"column":24},"end":{"line":31,"column":44}},"14":{"start":{"line":32,"column":27},"end":{"line":32,"column":77}},"15":{"start":{"line":34,"column":2},"end":{"line":71,"column":4}},"16":{"start":{"line":74,"column":0},"end":{"line":74,"column":34}},"17":{"start":{"line":76,"column":15},"end":{"line":81,"column":2}}},"fnMap":{"0":{"name":"(anonymous_0)","decl":{"start":{"line":12,"column":60},"end":{"line":12,"column":61}},"loc":{"start":{"line":12,"column":98},"end":{"line":72,"column":1}},"line":12},"1":{"name":"(anonymous_1)","decl":{"start":{"line":14,"column":45},"end":{"line":14,"column":46}},"loc":{"start":{"line":14,"column":51},"end":{"line":27,"column":3}},"line":14}},"branchMap":{"0":{"loc":{"start":{"line":12,"column":75},"end":{"line":12,"column":84}},"type":"default-arg","locations":[{"start":{"line":12,"column":82},"end":{"line":12,"column":84}}],"line":12},"1":{"loc":{"start":{"line":18,"column":4},"end":{"line":24,"column":5}},"type":"if","locations":[{"start":{"line":18,"column":4},"end":{"line":24,"column":5}},{"start":{"line":21,"column":11},"end":{"line":24,"column":5}}],"line":18},"2":{"loc":{"start":{"line":21,"column":11},"end":{"line":24,"column":5}},"type":"if","locations":[{"start":{"line":21,"column":11},"end":{"line":24,"column":5}},{"start":{},"end":{}}],"line":21},"3":{"loc":{"start":{"line":65,"column":7},"end":{"line":69,"column":7}},"type":"binary-expr","locations":[{"start":{"line":65,"column":7},"end":{"line":65,"column":12}},{"start":{"line":66,"column":8},"end":{"line":68,"column":15}}],"line":65}},"s":{"0":0,"1":0,"2":0,"3":0,"4":0,"5":0,"6":0,"7":0,"8":0,"9":0,"10":0,"11":0,"12":0,"13":0,"14":0,"15":0,"16":0,"17":0},"f":{"0":0,"1":0},"b":{"0":[0],"1":[0,0],"2":[0,0],"3":[0,0]}}
,"/data/data/com.termux/files/home/Temporary/girigo/src/db/database.ts": {"path":"/data/data/com.termux/files/home/Temporary/girigo/src/db/database.ts","statementMap":{"0":{"start":{"line":3,"column":16},"end":{"line":3,"column":27}},"1":{"start":{"line":4,"column":47},"end":{"line":4,"column":51}},"2":{"start":{"line":5,"column":21},"end":{"line":5,"column":26}},"3":{"start":{"line":7,"column":27},"end":{"line":34,"column":1}},"4":{"start":{"line":8,"column":2},"end":{"line":8,"column":36}},"5":{"start":{"line":8,"column":18},"end":{"line":8,"column":36}},"6":{"start":{"line":10,"column":2},"end":{"line":20,"column":3}},"7":{"start":{"line":11,"column":4},"end":{"line":18,"column":7}},"8":{"start":{"line":12,"column":28},"end":{"line":17,"column":13}},"9":{"start":{"line":13,"column":8},"end":{"line":16,"column":9}},"10":{"start":{"line":14,"column":10},"end":{"line":14,"column":39}},"11":{"start":{"line":15,"column":10},"end":{"line":15,"column":20}},"12":{"start":{"line":19,"column":4},"end":{"line":19,"column":23}},"13":{"start":{"line":22,"column":2},"end":{"line":22,"column":24}},"14":{"start":{"line":23,"column":2},"end":{"line":33,"column":3}},"15":{"start":{"line":24,"column":4},"end":{"line":24,"column":57}},"16":{"start":{"line":25,"column":4},"end":{"line":25,"column":41}},"17":{"start":{"line":26,"column":4},"end":{"line":26,"column":27}},"18":{"start":{"line":27,"column":4},"end":{"line":27,"column":22}},"19":{"start":{"line":29,"column":4},"end":{"line":29,"column":62}},"20":{"start":{"line":30,"column":4},"end":{"line":30,"column":27}},"21":{"start":{"line":31,"column":4},"end":{"line":31,"column":22}},"22":{"start":{"line":32,"column":4},"end":{"line":32,"column":16}},"23":{"start":{"line":36,"column":27},"end":{"line":86,"column":1}},"24":{"start":{"line":37,"column":2},"end":{"line":85,"column":3}},"25":{"start":{"line":38,"column":4},"end":{"line":38,"column":53}},"26":{"start":{"line":40,"column":4},"end":{"line":44,"column":7}},"27":{"start":{"line":46,"column":4},"end":{"line":53,"column":7}},"28":{"start":{"line":56,"column":4},"end":{"line":58,"column":55}},"29":{"start":{"line":57,"column":6},"end":{"line":57,"column":91}},"30":{"start":{"line":60,"column":4},"end":{"line":60,"column":90}},"31":{"start":{"line":62,"column":4},"end":{"line":69,"column":7}},"32":{"start":{"line":71,"column":4},"end":{"line":71,"column":89}},"33":{"start":{"line":72,"column":4},"end":{"line":72,"column":93}},"34":{"start":{"line":73,"column":4},"end":{"line":73,"column":93}},"35":{"start":{"line":75,"column":4},"end":{"line":79,"column":7}},"36":{"start":{"line":81,"column":4},"end":{"line":81,"column":62}},"37":{"start":{"line":83,"column":4},"end":{"line":83,"column":62}},"38":{"start":{"line":84,"column":4},"end":{"line":84,"column":16}}},"fnMap":{"0":{"name":"(anonymous_0)","decl":{"start":{"line":7,"column":27},"end":{"line":7,"column":28}},"loc":{"start":{"line":7,"column":71},"end":{"line":34,"column":1}},"line":7},"1":{"name":"(anonymous_1)","decl":{"start":{"line":11,"column":28},"end":{"line":11,"column":29}},"loc":{"start":{"line":11,"column":41},"end":{"line":18,"column":5}},"line":11},"2":{"name":"(anonymous_2)","decl":{"start":{"line":12,"column":40},"end":{"line":12,"column":41}},"loc":{"start":{"line":12,"column":46},"end":{"line":17,"column":7}},"line":12},"3":{"name":"(anonymous_3)","decl":{"start":{"line":36,"column":27},"end":{"line":36,"column":28}},"loc":{"start":{"line":36,"column":64},"end":{"line":86,"column":1}},"line":36}},"branchMap":{"0":{"loc":{"start":{"line":8,"column":2},"end":{"line":8,"column":36}},"type":"if","locations":[{"start":{"line":8,"column":2},"end":{"line":8,"column":36}},{"start":{},"end":{}}],"line":8},"1":{"loc":{"start":{"line":10,"column":2},"end":{"line":20,"column":3}},"type":"if","locations":[{"start":{"line":10,"column":2},"end":{"line":20,"column":3}},{"start":{},"end":{}}],"line":10},"2":{"loc":{"start":{"line":13,"column":8},"end":{"line":16,"column":9}},"type":"if","locations":[{"start":{"line":13,"column":8},"end":{"line":16,"column":9}},{"start":{},"end":{}}],"line":13},"3":{"loc":{"start":{"line":13,"column":12},"end":{"line":13,"column":41}},"type":"binary-expr","locations":[{"start":{"line":13,"column":12},"end":{"line":13,"column":22}},{"start":{"line":13,"column":26},"end":{"line":13,"column":41}}],"line":13}},"s":{"0":1,"1":1,"2":1,"3":1,"4":0,"5":0,"6":0,"7":0,"8":0,"9":0,"10":0,"11":0,"12":0,"13":0,"14":0,"15":0,"16":0,"17":0,"18":0,"19":0,"20":0,"21":0,"22":0,"23":1,"24":0,"25":0,"26":0,"27":0,"28":0,"29":0,"30":0,"31":0,"32":0,"33":0,"34":0,"35":0,"36":0,"37":0,"38":0},"f":{"0":0,"1":0,"2":0,"3":0},"b":{"0":[0,0],"1":[0,0],"2":[0,0],"3":[0,0]},"_coverageSchema":"1a1c01bbd47fc00a2c39e90264f33305004495a9","hash":"0d8ff790e44f37f6ca49ce307aa550778ed88a93"}
,"/data/data/com.termux/files/home/Temporary/girigo/src/modules/gamification/gamification.service.ts": {"path":"/data/data/com.termux/files/home/Temporary/girigo/src/modules/gamification/gamification.service.ts","statementMap":{"0":{"start":{"line":11,"column":35},"end":{"line":117,"column":1}},"1":{"start":{"line":14,"column":15},"end":{"line":14,"column":34}},"2":{"start":{"line":15,"column":18},"end":{"line":15,"column":97}},"3":{"start":{"line":16,"column":4},"end":{"line":16,"column":38}},"4":{"start":{"line":22,"column":16},"end":{"line":22,"column":17}},"5":{"start":{"line":23,"column":4},"end":{"line":29,"column":5}},"6":{"start":{"line":24,"column":37},"end":{"line":24,"column":66}},"7":{"start":{"line":25,"column":6},"end":{"line":27,"column":7}},"8":{"start":{"line":26,"column":8},"end":{"line":26,"column":21}},"9":{"start":{"line":28,"column":6},"end":{"line":28,"column":14}},"10":{"start":{"line":35,"column":19},"end":{"line":35,"column":79}},"11":{"start":{"line":37,"column":25},"end":{"line":37,"column":53}},"12":{"start":{"line":38,"column":16},"end":{"line":38,"column":26}},"13":{"start":{"line":39,"column":31},"end":{"line":39,"column":70}},"14":{"start":{"line":42,"column":20},"end":{"line":42,"column":43}},"15":{"start":{"line":43,"column":4},"end":{"line":43,"column":56}},"16":{"start":{"line":48,"column":15},"end":{"line":48,"column":34}},"17":{"start":{"line":50,"column":21},"end":{"line":50,"column":63}},"18":{"start":{"line":51,"column":25},"end":{"line":51,"column":46}},"19":{"start":{"line":53,"column":18},"end":{"line":53,"column":44}},"20":{"start":{"line":54,"column":21},"end":{"line":54,"column":47}},"21":{"start":{"line":55,"column":22},"end":{"line":55,"column":51}},"22":{"start":{"line":58,"column":4},"end":{"line":61,"column":6}},"23":{"start":{"line":64,"column":4},"end":{"line":67,"column":6}},"24":{"start":{"line":69,"column":4},"end":{"line":69,"column":45}},"25":{"start":{"line":74,"column":15},"end":{"line":74,"column":34}},"26":{"start":{"line":75,"column":18},"end":{"line":75,"column":39}},"27":{"start":{"line":77,"column":18},"end":{"line":77,"column":56}},"28":{"start":{"line":80,"column":4},"end":{"line":82,"column":5}},"29":{"start":{"line":81,"column":6},"end":{"line":81,"column":70}},"30":{"start":{"line":84,"column":20},"end":{"line":84,"column":39}},"31":{"start":{"line":85,"column":21},"end":{"line":85,"column":40}},"32":{"start":{"line":87,"column":4},"end":{"line":103,"column":5}},"33":{"start":{"line":89,"column":6},"end":{"line":89,"column":20}},"34":{"start":{"line":91,"column":23},"end":{"line":91,"column":55}},"35":{"start":{"line":92,"column":24},"end":{"line":92,"column":39}},"36":{"start":{"line":93,"column":23},"end":{"line":93,"column":73}},"37":{"start":{"line":94,"column":23},"end":{"line":94,"column":66}},"38":{"start":{"line":96,"column":6},"end":{"line":102,"column":7}},"39":{"start":{"line":98,"column":8},"end":{"line":98,"column":44}},"40":{"start":{"line":101,"column":8},"end":{"line":101,"column":22}},"41":{"start":{"line":105,"column":4},"end":{"line":107,"column":5}},"42":{"start":{"line":106,"column":6},"end":{"line":106,"column":29}},"43":{"start":{"line":110,"column":4},"end":{"line":113,"column":6}},"44":{"start":{"line":115,"column":4},"end":{"line":115,"column":46}}},"fnMap":{"0":{"name":"(anonymous_0)","decl":{"start":{"line":13,"column":2},"end":{"line":13,"column":3}},"loc":{"start":{"line":13,"column":47},"end":{"line":17,"column":3}},"line":13},"1":{"name":"(anonymous_1)","decl":{"start":{"line":21,"column":2},"end":{"line":21,"column":3}},"loc":{"start":{"line":21,"column":42},"end":{"line":30,"column":3}},"line":21},"2":{"name":"(anonymous_2)","decl":{"start":{"line":34,"column":2},"end":{"line":34,"column":3}},"loc":{"start":{"line":34,"column":64},"end":{"line":44,"column":3}},"line":34},"3":{"name":"(anonymous_3)","decl":{"start":{"line":47,"column":2},"end":{"line":47,"column":3}},"loc":{"start":{"line":47,"column":151},"end":{"line":70,"column":3}},"line":47},"4":{"name":"(anonymous_4)","decl":{"start":{"line":73,"column":2},"end":{"line":73,"column":3}},"loc":{"start":{"line":73,"column":83},"end":{"line":116,"column":3}},"line":73}},"branchMap":{"0":{"loc":{"start":{"line":25,"column":6},"end":{"line":27,"column":7}},"type":"if","locations":[{"start":{"line":25,"column":6},"end":{"line":27,"column":7}},{"start":{},"end":{}}],"line":25},"1":{"loc":{"start":{"line":35,"column":19},"end":{"line":35,"column":79}},"type":"cond-expr","locations":[{"start":{"line":35,"column":41},"end":{"line":35,"column":44}},{"start":{"line":35,"column":47},"end":{"line":35,"column":79}}],"line":35},"2":{"loc":{"start":{"line":35,"column":47},"end":{"line":35,"column":79}},"type":"cond-expr","locations":[{"start":{"line":35,"column":71},"end":{"line":35,"column":74}},{"start":{"line":35,"column":77},"end":{"line":35,"column":79}}],"line":35},"3":{"loc":{"start":{"line":43,"column":11},"end":{"line":43,"column":55}},"type":"cond-expr","locations":[{"start":{"line":43,"column":21},"end":{"line":43,"column":46}},{"start":{"line":43,"column":49},"end":{"line":43,"column":55}}],"line":43},"4":{"loc":{"start":{"line":80,"column":4},"end":{"line":82,"column":5}},"type":"if","locations":[{"start":{"line":80,"column":4},"end":{"line":82,"column":5}},{"start":{},"end":{}}],"line":80},"5":{"loc":{"start":{"line":87,"column":4},"end":{"line":103,"column":5}},"type":"if","locations":[{"start":{"line":87,"column":4},"end":{"line":103,"column":5}},{"start":{"line":90,"column":11},"end":{"line":103,"column":5}}],"line":87},"6":{"loc":{"start":{"line":96,"column":6},"end":{"line":102,"column":7}},"type":"if","locations":[{"start":{"line":96,"column":6},"end":{"line":102,"column":7}},{"start":{"line":99,"column":13},"end":{"line":102,"column":7}}],"line":96},"7":{"loc":{"start":{"line":105,"column":4},"end":{"line":107,"column":5}},"type":"if","locations":[{"start":{"line":105,"column":4},"end":{"line":107,"column":5}},{"start":{},"end":{}}],"line":105}},"s":{"0":1,"1":0,"2":0,"3":0,"4":6,"5":6,"6":17,"7":17,"8":6,"9":11,"10":6,"11":6,"12":6,"13":6,"14":6,"15":6,"16":0,"17":0,"18":0,"19":0,"20":0,"21":0,"22":0,"23":0,"24":0,"25":0,"26":0,"27":0,"28":0,"29":0,"30":0,"31":0,"32":0,"33":0,"34":0,"35":0,"36":0,"37":0,"38":0,"39":0,"40":0,"41":0,"42":0,"43":0,"44":0},"f":{"0":0,"1":6,"2":6,"3":0,"4":0},"b":{"0":[6,11],"1":[2,4],"2":[2,2],"3":[3,3],"4":[0,0],"5":[0,0],"6":[0,0],"7":[0,0]},"_coverageSchema":"1a1c01bbd47fc00a2c39e90264f33305004495a9","hash":"7362502c4ed6333b1a666cb885188f0188e54aa0"}
,"/data/data/com.termux/files/home/Temporary/girigo/src/modules/profile/profile.repository.ts": {"path":"/data/data/com.termux/files/home/Temporary/girigo/src/modules/profile/profile.repository.ts","statementMap":{},"fnMap":{},"branchMap":{},"s":{},"f":{},"b":{}}
,"/data/data/com.termux/files/home/Temporary/girigo/src/modules/wish/wish.repository.ts": {"path":"/data/data/com.termux/files/home/Temporary/girigo/src/modules/wish/wish.repository.ts","statementMap":{"0":{"start":{"line":19,"column":30},"end":{"line":143,"column":1}},"1":{"start":{"line":21,"column":4},"end":{"line":34,"column":5}},"2":{"start":{"line":22,"column":17},"end":{"line":22,"column":36}},"3":{"start":{"line":23,"column":18},"end":{"line":23,"column":42}},"4":{"start":{"line":25,"column":21},"end":{"line":28,"column":7}},"5":{"start":{"line":29,"column":6},"end":{"line":31,"column":7}},"6":{"start":{"line":30,"column":8},"end":{"line":30,"column":66}},"7":{"start":{"line":33,"column":6},"end":{"line":33,"column":61}},"8":{"start":{"line":38,"column":4},"end":{"line":61,"column":5}},"9":{"start":{"line":39,"column":17},"end":{"line":39,"column":36}},"10":{"start":{"line":43,"column":6},"end":{"line":45,"column":7}},"11":{"start":{"line":44,"column":8},"end":{"line":44,"column":42}},"12":{"start":{"line":47,"column":18},"end":{"line":47,"column":40}},"13":{"start":{"line":48,"column":26},"end":{"line":48,"column":28}},"14":{"start":{"line":50,"column":6},"end":{"line":53,"column":7}},"15":{"start":{"line":51,"column":8},"end":{"line":51,"column":37}},"16":{"start":{"line":52,"column":8},"end":{"line":52,"column":34}},"17":{"start":{"line":55,"column":6},"end":{"line":55,"column":87}},"18":{"start":{"line":56,"column":21},"end":{"line":56,"column":56}},"19":{"start":{"line":57,"column":6},"end":{"line":57,"column":30}},"20":{"start":{"line":59,"column":6},"end":{"line":59,"column":53}},"21":{"start":{"line":60,"column":6},"end":{"line":60,"column":16}},"22":{"start":{"line":65,"column":4},"end":{"line":72,"column":5}},"23":{"start":{"line":66,"column":17},"end":{"line":66,"column":36}},"24":{"start":{"line":67,"column":19},"end":{"line":67,"column":84}},"25":{"start":{"line":68,"column":6},"end":{"line":68,"column":33}},"26":{"start":{"line":70,"column":6},"end":{"line":70,"column":57}},"27":{"start":{"line":71,"column":6},"end":{"line":71,"column":18}},"28":{"start":{"line":76,"column":4},"end":{"line":91,"column":5}},"29":{"start":{"line":77,"column":17},"end":{"line":77,"column":36}},"30":{"start":{"line":78,"column":17},"end":{"line":78,"column":36}},"31":{"start":{"line":79,"column":24},"end":{"line":79,"column":34}},"32":{"start":{"line":81,"column":6},"end":{"line":85,"column":8}},"33":{"start":{"line":87,"column":6},"end":{"line":87,"column":80}},"34":{"start":{"line":89,"column":6},"end":{"line":89,"column":51}},"35":{"start":{"line":90,"column":6},"end":{"line":90,"column":18}},"36":{"start":{"line":95,"column":4},"end":{"line":100,"column":5}},"37":{"start":{"line":96,"column":17},"end":{"line":96,"column":36}},"38":{"start":{"line":97,"column":6},"end":{"line":97,"column":87}},"39":{"start":{"line":99,"column":6},"end":{"line":99,"column":55}},"40":{"start":{"line":104,"column":4},"end":{"line":109,"column":5}},"41":{"start":{"line":105,"column":17},"end":{"line":105,"column":36}},"42":{"start":{"line":106,"column":6},"end":{"line":106,"column":83}},"43":{"start":{"line":108,"column":6},"end":{"line":108,"column":53}},"44":{"start":{"line":113,"column":4},"end":{"line":132,"column":5}},"45":{"start":{"line":114,"column":17},"end":{"line":114,"column":36}},"46":{"start":{"line":115,"column":19},"end":{"line":115,"column":106}},"47":{"start":{"line":116,"column":6},"end":{"line":116,"column":29}},"48":{"start":{"line":116,"column":17},"end":{"line":116,"column":29}},"49":{"start":{"line":118,"column":26},"end":{"line":118,"column":36}},"50":{"start":{"line":119,"column":23},"end":{"line":119,"column":70}},"51":{"start":{"line":120,"column":23},"end":{"line":120,"column":93}},"52":{"start":{"line":121,"column":22},"end":{"line":121,"column":57}},"53":{"start":{"line":123,"column":6},"end":{"line":126,"column":8}},"54":{"start":{"line":128,"column":6},"end":{"line":128,"column":101}},"55":{"start":{"line":130,"column":6},"end":{"line":130,"column":53}},"56":{"start":{"line":131,"column":6},"end":{"line":131,"column":18}},"57":{"start":{"line":136,"column":4},"end":{"line":141,"column":5}},"58":{"start":{"line":137,"column":17},"end":{"line":137,"column":36}},"59":{"start":{"line":138,"column":6},"end":{"line":138,"column":65}},"60":{"start":{"line":140,"column":6},"end":{"line":140,"column":51}}},"fnMap":{"0":{"name":"(anonymous_0)","decl":{"start":{"line":20,"column":2},"end":{"line":20,"column":3}},"loc":{"start":{"line":20,"column":46},"end":{"line":35,"column":3}},"line":20},"1":{"name":"(anonymous_1)","decl":{"start":{"line":37,"column":2},"end":{"line":37,"column":3}},"loc":{"start":{"line":37,"column":55},"end":{"line":62,"column":3}},"line":37},"2":{"name":"(anonymous_2)","decl":{"start":{"line":64,"column":2},"end":{"line":64,"column":3}},"loc":{"start":{"line":64,"column":50},"end":{"line":73,"column":3}},"line":64},"3":{"name":"(anonymous_3)","decl":{"start":{"line":75,"column":2},"end":{"line":75,"column":3}},"loc":{"start":{"line":75,"column":97},"end":{"line":92,"column":3}},"line":75},"4":{"name":"(anonymous_4)","decl":{"start":{"line":94,"column":2},"end":{"line":94,"column":3}},"loc":{"start":{"line":94,"column":68},"end":{"line":101,"column":3}},"line":94},"5":{"name":"(anonymous_5)","decl":{"start":{"line":103,"column":2},"end":{"line":103,"column":3}},"loc":{"start":{"line":103,"column":64},"end":{"line":110,"column":3}},"line":103},"6":{"name":"(anonymous_6)","decl":{"start":{"line":112,"column":2},"end":{"line":112,"column":3}},"loc":{"start":{"line":112,"column":51},"end":{"line":133,"column":3}},"line":112},"7":{"name":"(anonymous_7)","decl":{"start":{"line":135,"column":2},"end":{"line":135,"column":3}},"loc":{"start":{"line":135,"column":42},"end":{"line":142,"column":3}},"line":135}},"branchMap":{"0":{"loc":{"start":{"line":29,"column":6},"end":{"line":31,"column":7}},"type":"if","locations":[{"start":{"line":29,"column":6},"end":{"line":31,"column":7}},{"start":{},"end":{}}],"line":29},"1":{"loc":{"start":{"line":43,"column":6},"end":{"line":45,"column":7}},"type":"if","locations":[{"start":{"line":43,"column":6},"end":{"line":45,"column":7}},{"start":{},"end":{}}],"line":43},"2":{"loc":{"start":{"line":43,"column":10},"end":{"line":43,"column":78}},"type":"binary-expr","locations":[{"start":{"line":43,"column":10},"end":{"line":43,"column":23}},{"start":{"line":43,"column":27},"end":{"line":43,"column":52}},{"start":{"line":43,"column":56},"end":{"line":43,"column":78}}],"line":43},"3":{"loc":{"start":{"line":50,"column":6},"end":{"line":53,"column":7}},"type":"if","locations":[{"start":{"line":50,"column":6},"end":{"line":53,"column":7}},{"start":{},"end":{}}],"line":50},"4":{"loc":{"start":{"line":50,"column":10},"end":{"line":50,"column":48}},"type":"binary-expr","locations":[{"start":{"line":50,"column":10},"end":{"line":50,"column":22}},{"start":{"line":50,"column":26},"end":{"line":50,"column":48}}],"line":50},"5":{"loc":{"start":{"line":116,"column":6},"end":{"line":116,"column":29}},"type":"if","locations":[{"start":{"line":116,"column":6},"end":{"line":116,"column":29}},{"start":{},"end":{}}],"line":116},"6":{"loc":{"start":{"line":120,"column":23},"end":{"line":120,"column":93}},"type":"cond-expr","locations":[{"start":{"line":120,"column":50},"end":{"line":120,"column":53}},{"start":{"line":120,"column":56},"end":{"line":120,"column":93}}],"line":120},"7":{"loc":{"start":{"line":120,"column":56},"end":{"line":120,"column":93}},"type":"cond-expr","locations":[{"start":{"line":120,"column":85},"end":{"line":120,"column":88}},{"start":{"line":120,"column":91},"end":{"line":120,"column":93}}],"line":120},"8":{"loc":{"start":{"line":121,"column":22},"end":{"line":121,"column":57}},"type":"cond-expr","locations":[{"start":{"line":121,"column":33},"end":{"line":121,"column":46}},{"start":{"line":121,"column":49},"end":{"line":121,"column":57}}],"line":121}},"s":{"0":1,"1":2,"2":2,"3":2,"4":2,"5":2,"6":2,"7":0,"8":2,"9":2,"10":2,"11":1,"12":2,"13":2,"14":2,"15":2,"16":2,"17":2,"18":2,"19":2,"20":0,"21":0,"22":0,"23":0,"24":0,"25":0,"26":0,"27":0,"28":1,"29":1,"30":1,"31":1,"32":1,"33":1,"34":0,"35":0,"36":0,"37":0,"38":0,"39":0,"40":0,"41":0,"42":0,"43":0,"44":0,"45":0,"46":0,"47":0,"48":0,"49":0,"50":0,"51":0,"52":0,"53":0,"54":0,"55":0,"56":0,"57":0,"58":0,"59":0,"60":0},"f":{"0":2,"1":2,"2":0,"3":1,"4":0,"5":0,"6":0,"7":0},"b":{"0":[2,0],"1":[1,1],"2":[2,2,1],"3":[2,0],"4":[2,2],"5":[0,0],"6":[0,0],"7":[0,0],"8":[0,0]},"_coverageSchema":"1a1c01bbd47fc00a2c39e90264f33305004495a9","hash":"e10aacdaf7b90c3481d75680dd2cd5c843955314"}
,"/data/data/com.termux/files/home/Temporary/girigo/src/services/notification.service.ts": {"path":"/data/data/com.termux/files/home/Temporary/girigo/src/services/notification.service.ts","statementMap":{"0":{"start":{"line":5,"column":2},"end":{"line":28,"column":3}},"1":{"start":{"line":6,"column":26},"end":{"line":6,"column":60}},"2":{"start":{"line":9,"column":4},"end":{"line":15,"column":7}},"3":{"start":{"line":10,"column":39},"end":{"line":14,"column":7}},"4":{"start":{"line":17,"column":20},"end":{"line":17,"column":61}},"5":{"start":{"line":18,"column":4},"end":{"line":18,"column":37}},"6":{"start":{"line":18,"column":25},"end":{"line":18,"column":37}},"7":{"start":{"line":19,"column":22},"end":{"line":19,"column":67}},"8":{"start":{"line":20,"column":4},"end":{"line":20,"column":29}},"9":{"start":{"line":22,"column":4},"end":{"line":22,"column":84}},"10":{"start":{"line":23,"column":4},"end":{"line":26,"column":6}},"11":{"start":{"line":27,"column":4},"end":{"line":27,"column":17}},"12":{"start":{"line":36,"column":2},"end":{"line":69,"column":3}},"13":{"start":{"line":37,"column":26},"end":{"line":37,"column":60}},"14":{"start":{"line":38,"column":26},"end":{"line":38,"column":63}},"15":{"start":{"line":39,"column":4},"end":{"line":39,"column":73}},"16":{"start":{"line":39,"column":24},"end":{"line":39,"column":73}},"17":{"start":{"line":41,"column":21},"end":{"line":41,"column":52}},"18":{"start":{"line":42,"column":16},"end":{"line":42,"column":26}},"19":{"start":{"line":44,"column":26},"end":{"line":44,"column":66}},"20":{"start":{"line":45,"column":27},"end":{"line":45,"column":62}},"21":{"start":{"line":47,"column":37},"end":{"line":47,"column":41}},"22":{"start":{"line":48,"column":38},"end":{"line":48,"column":42}},"23":{"start":{"line":51,"column":4},"end":{"line":56,"column":5}},"24":{"start":{"line":52,"column":6},"end":{"line":55,"column":9}},"25":{"start":{"line":58,"column":4},"end":{"line":63,"column":5}},"26":{"start":{"line":59,"column":6},"end":{"line":62,"column":9}},"27":{"start":{"line":65,"column":4},"end":{"line":65,"column":41}},"28":{"start":{"line":67,"column":4},"end":{"line":67,"column":74}},"29":{"start":{"line":68,"column":4},"end":{"line":68,"column":53}},"30":{"start":{"line":73,"column":2},"end":{"line":88,"column":3}},"31":{"start":{"line":74,"column":26},"end":{"line":74,"column":60}},"32":{"start":{"line":75,"column":26},"end":{"line":75,"column":63}},"33":{"start":{"line":76,"column":4},"end":{"line":76,"column":36}},"34":{"start":{"line":76,"column":24},"end":{"line":76,"column":36}},"35":{"start":{"line":78,"column":15},"end":{"line":83,"column":6}},"36":{"start":{"line":84,"column":4},"end":{"line":84,"column":14}},"37":{"start":{"line":86,"column":4},"end":{"line":86,"column":76}},"38":{"start":{"line":87,"column":4},"end":{"line":87,"column":16}}},"fnMap":{"0":{"name":"requestNotificationPermission","decl":{"start":{"line":4,"column":22},"end":{"line":4,"column":51}},"loc":{"start":{"line":4,"column":72},"end":{"line":29,"column":1}},"line":4},"1":{"name":"(anonymous_1)","decl":{"start":{"line":10,"column":26},"end":{"line":10,"column":27}},"loc":{"start":{"line":10,"column":39},"end":{"line":14,"column":7}},"line":10},"2":{"name":"scheduleWishDeadlineReminders","decl":{"start":{"line":31,"column":22},"end":{"line":31,"column":51}},"loc":{"start":{"line":35,"column":72},"end":{"line":70,"column":1}},"line":35},"3":{"name":"scheduleDailyStreakReminder","decl":{"start":{"line":72,"column":22},"end":{"line":72,"column":49}},"loc":{"start":{"line":72,"column":113},"end":{"line":89,"column":1}},"line":72}},"branchMap":{"0":{"loc":{"start":{"line":18,"column":4},"end":{"line":18,"column":37}},"type":"if","locations":[{"start":{"line":18,"column":4},"end":{"line":18,"column":37}},{"start":{},"end":{}}],"line":18},"1":{"loc":{"start":{"line":39,"column":4},"end":{"line":39,"column":73}},"type":"if","locations":[{"start":{"line":39,"column":4},"end":{"line":39,"column":73}},{"start":{},"end":{}}],"line":39},"2":{"loc":{"start":{"line":51,"column":4},"end":{"line":56,"column":5}},"type":"if","locations":[{"start":{"line":51,"column":4},"end":{"line":56,"column":5}},{"start":{},"end":{}}],"line":51},"3":{"loc":{"start":{"line":58,"column":4},"end":{"line":63,"column":5}},"type":"if","locations":[{"start":{"line":58,"column":4},"end":{"line":63,"column":5}},{"start":{},"end":{}}],"line":58},"4":{"loc":{"start":{"line":72,"column":50},"end":{"line":72,"column":67}},"type":"default-arg","locations":[{"start":{"line":72,"column":65},"end":{"line":72,"column":67}}],"line":72},"5":{"loc":{"start":{"line":72,"column":69},"end":{"line":72,"column":87}},"type":"default-arg","locations":[{"start":{"line":72,"column":86},"end":{"line":72,"column":87}}],"line":72},"6":{"loc":{"start":{"line":76,"column":4},"end":{"line":76,"column":36}},"type":"if","locations":[{"start":{"line":76,"column":4},"end":{"line":76,"column":36}},{"start":{},"end":{}}],"line":76},"7":{"loc":{"start":{"line":80,"column":15},"end":{"line":82,"column":82}},"type":"cond-expr","locations":[{"start":{"line":81,"column":10},"end":{"line":81,"column":100}},{"start":{"line":82,"column":10},"end":{"line":82,"column":82}}],"line":80}},"s":{"0":0,"1":0,"2":0,"3":0,"4":0,"5":0,"6":0,"7":0,"8":0,"9":0,"10":0,"11":0,"12":0,"13":0,"14":0,"15":0,"16":0,"17":0,"18":0,"19":0,"20":0,"21":0,"22":0,"23":0,"24":0,"25":0,"26":0,"27":0,"28":0,"29":0,"30":0,"31":0,"32":0,"33":0,"34":0,"35":0,"36":0,"37":0,"38":0},"f":{"0":0,"1":0,"2":0,"3":0},"b":{"0":[0,0],"1":[0,0],"2":[0,0],"3":[0,0],"4":[0],"5":[0],"6":[0,0],"7":[0,0]}}
,"/data/data/com.termux/files/home/Temporary/girigo/src/store/useAppStore.ts": {"path":"/data/data/com.termux/files/home/Temporary/girigo/src/store/useAppStore.ts","statementMap":{},"fnMap":{},"branchMap":{},"s":{},"f":{},"b":{}}
,"/data/data/com.termux/files/home/Temporary/girigo/src/store/useOnboardingStore.ts": {"path":"/data/data/com.termux/files/home/Temporary/girigo/src/store/useOnboardingStore.ts","statementMap":{"0":{"start":{"line":4,"column":23},"end":{"line":4,"column":49}},"1":{"start":{"line":14,"column":34},"end":{"line":35,"column":3}},"2":{"start":{"line":14,"column":68},"end":{"line":35,"column":1}},"3":{"start":{"line":18,"column":4},"end":{"line":18,"column":74}},"4":{"start":{"line":19,"column":4},"end":{"line":19,"column":33}},"5":{"start":{"line":22,"column":4},"end":{"line":27,"column":5}},"6":{"start":{"line":23,"column":21},"end":{"line":23,"column":67}},"7":{"start":{"line":24,"column":6},"end":{"line":24,"column":65}},"8":{"start":{"line":26,"column":6},"end":{"line":26,"column":32}},"9":{"start":{"line":31,"column":4},"end":{"line":31,"column":54}},"10":{"start":{"line":33,"column":4},"end":{"line":33,"column":33}}},"fnMap":{"0":{"name":"(anonymous_0)","decl":{"start":{"line":14,"column":58},"end":{"line":14,"column":59}},"loc":{"start":{"line":14,"column":68},"end":{"line":35,"column":1}},"line":14},"1":{"name":"(anonymous_1)","decl":{"start":{"line":17,"column":16},"end":{"line":17,"column":17}},"loc":{"start":{"line":17,"column":33},"end":{"line":20,"column":3}},"line":17},"2":{"name":"(anonymous_2)","decl":{"start":{"line":21,"column":15},"end":{"line":21,"column":16}},"loc":{"start":{"line":21,"column":27},"end":{"line":28,"column":3}},"line":21},"3":{"name":"(anonymous_3)","decl":{"start":{"line":29,"column":10},"end":{"line":29,"column":11}},"loc":{"start":{"line":29,"column":22},"end":{"line":34,"column":3}},"line":29}},"branchMap":{},"s":{"0":1,"1":1,"2":1,"3":2,"4":2,"5":0,"6":0,"7":0,"8":0,"9":1,"10":1},"f":{"0":1,"1":2,"2":0,"3":1},"b":{},"_coverageSchema":"1a1c01bbd47fc00a2c39e90264f33305004495a9","hash":"08ce238a6f0eb07608533b509ed41078a01c3f0b"}
,"/data/data/com.termux/files/home/Temporary/girigo/src/theme/colors.ts": {"path":"/data/data/com.termux/files/home/Temporary/girigo/src/theme/colors.ts","statementMap":{"0":{"start":{"line":1,"column":22},"end":{"line":28,"column":10}}},"fnMap":{},"branchMap":{},"s":{"0":0},"f":{},"b":{}}
,"/data/data/com.termux/files/home/Temporary/girigo/src/theme/index.ts": {"path":"/data/data/com.termux/files/home/Temporary/girigo/src/theme/index.ts","statementMap":{"0":{"start":{"line":4,"column":21},"end":{"line":13,"column":1}}},"fnMap":{},"branchMap":{},"s":{"0":0},"f":{},"b":{}}
,"/data/data/com.termux/files/home/Temporary/girigo/src/theme/typography.ts": {"path":"/data/data/com.termux/files/home/Temporary/girigo/src/theme/typography.ts","statementMap":{"0":{"start":{"line":3,"column":26},"end":{"line":13,"column":2}}},"fnMap":{},"branchMap":{},"s":{"0":0},"f":{},"b":{}}
,"/data/data/com.termux/files/home/Temporary/girigo/src/utils/helpers.ts": {"path":"/data/data/com.termux/files/home/Temporary/girigo/src/utils/helpers.ts","statementMap":{},"fnMap":{},"branchMap":{},"s":{},"f":{},"b":{}}
,"/data/data/com.termux/files/home/Temporary/girigo/src/utils/id.ts": {"path":"/data/data/com.termux/files/home/Temporary/girigo/src/utils/id.ts","statementMap":{"0":{"start":{"line":4,"column":2},"end":{"line":4,"column":29}}},"fnMap":{"0":{"name":"generateId","decl":{"start":{"line":3,"column":16},"end":{"line":3,"column":26}},"loc":{"start":{"line":3,"column":37},"end":{"line":5,"column":1}},"line":3}},"branchMap":{},"s":{"0":3},"f":{"0":3},"b":{},"_coverageSchema":"1a1c01bbd47fc00a2c39e90264f33305004495a9","hash":"d77ad313b3b79841745405ca19f86c7a61081275"}
}
